# JRE version: OpenJDK Runtime Environment (24.0.1+9) (build 24.0.1+9-30)
# Java VM: OpenJDK 64-Bit Server VM (24.0.1+9-30, mixed mode, emulated-client, sharing, tiered, compressed oops, compressed class ptrs, g1 gc, windows-amd64)
GC Precious Log:
 CardTable entry size: 512
 Card Set container configuration: InlinePtr #cards 4 size 8 Array Of Cards #cards 32 size 80 Howl #buckets 8 coarsen threshold 7372 Howl Bitmap #cards 1024 size 144 coarsen threshold 921 Card regions per heap region 1 cards per card region 8192
 CPUs: 8 total, 8 available
 Memory: 32510M
 Large Page Support: Disabled
 NUMA Support: Disabled
 Compressed Oops: Enabled (Zero based)
 Heap Region Size: 4M
 Heap Min Capacity: 8M
 Heap Initial Capacity: 508M
 Heap Max Capacity: 8128M
 Pre-touch: Disabled
 Parallel Workers: 8
 Concurrent Workers: 2
 Concurrent Refinement Workers: 8
 Periodic GC: Disabled
Heap:
 garbage-first heap   total reserved 8323072K, committed 86016K, used 37846K [0x0000000604000000, 0x0000000800000000)
  region size 4096K, 4 young (16384K), 2 survivors (8192K)
 Metaspace       used 72338K, committed 73024K, reserved 1114112K
  class space    used 8137K, committed 8448K, reserved 1048576K
GC Heap History (20 events):
Event: 1.018 GC heap before
{Heap before GC invocations=0 (full 0):
 garbage-first heap   total reserved 8323072K, committed 524288K, used 46192K [0x0000000604000000, 0x0000000800000000)
  region size 4096K, 12 young (49152K), 0 survivors (0K)
 Metaspace       used 11546K, committed 11776K, reserved 1114112K
  class space    used 1169K, committed 1280K, reserved 1048576K
}
Event: 1.025 GC heap after
{Heap after GC invocations=1 (full 0):
 garbage-first heap   total reserved 8323072K, committed 524288K, used 10117K [0x0000000604000000, 0x0000000800000000)
  region size 4096K, 2 young (8192K), 2 survivors (8192K)
 Metaspace       used 11546K, committed 11776K, reserved 1114112K
  class space    used 1169K, committed 1280K, reserved 1048576K
}
Event: 1.611 GC heap before
{Heap before GC invocations=1 (full 0):
 garbage-first heap   total reserved 8323072K, committed 524288K, used 51077K [0x0000000604000000, 0x0000000800000000)
  region size 4096K, 13 young (53248K), 2 survivors (8192K)
 Metaspace       used 21222K, committed 21504K, reserved 1114112K
  class space    used 2353K, committed 2496K, reserved 1048576K
}
Event: 1.616 GC heap after
{Heap after GC invocations=2 (full 0):
 garbage-first heap   total reserved 8323072K, committed 524288K, used 14009K [0x0000000604000000, 0x0000000800000000)
  region size 4096K, 3 young (12288K), 3 survivors (12288K)
 Metaspace       used 21222K, committed 21504K, reserved 1114112K
  class space    used 2353K, committed 2496K, reserved 1048576K
}
Event: 2.009 GC heap before
{Heap before GC invocations=3 (full 0):
 garbage-first heap   total reserved 8323072K, committed 69632K, used 63161K [0x0000000604000000, 0x0000000800000000)
  region size 4096K, 15 young (61440K), 3 survivors (12288K)
 Metaspace       used 27656K, committed 27968K, reserved 1114112K
  class space    used 3047K, committed 3200K, reserved 1048576K
}
Event: 2.017 GC heap after
{Heap after GC invocations=4 (full 0):
 garbage-first heap   total reserved 8323072K, committed 86016K, used 17733K [0x0000000604000000, 0x0000000800000000)
  region size 4096K, 4 young (16384K), 4 survivors (16384K)
 Metaspace       used 27656K, committed 27968K, reserved 1114112K
  class space    used 3047K, committed 3200K, reserved 1048576K
}
Event: 2.331 GC heap before
{Heap before GC invocations=4 (full 0):
 garbage-first heap   total reserved 8323072K, committed 86016K, used 50501K [0x0000000604000000, 0x0000000800000000)
  region size 4096K, 12 young (49152K), 4 survivors (16384K)
 Metaspace       used 30920K, committed 31360K, reserved 1114112K
  class space    used 3439K, committed 3648K, reserved 1048576K
}
Event: 2.345 GC heap after
{Heap after GC invocations=5 (full 0):
 garbage-first heap   total reserved 8323072K, committed 86016K, used 18527K [0x0000000604000000, 0x0000000800000000)
  region size 4096K, 2 young (8192K), 2 survivors (8192K)
 Metaspace       used 30920K, committed 31360K, reserved 1114112K
  class space    used 3439K, committed 3648K, reserved 1048576K
}
Event: 2.725 GC heap before
{Heap before GC invocations=5 (full 0):
 garbage-first heap   total reserved 8323072K, committed 86016K, used 51295K [0x0000000604000000, 0x0000000800000000)
  region size 4096K, 11 young (45056K), 2 survivors (8192K)
 Metaspace       used 35672K, committed 36096K, reserved 1114112K
  class space    used 4033K, committed 4224K, reserved 1048576K
}
Event: 2.730 GC heap after
{Heap after GC invocations=6 (full 0):
 garbage-first heap   total reserved 8323072K, committed 86016K, used 21756K [0x0000000604000000, 0x0000000800000000)
  region size 4096K, 2 young (8192K), 2 survivors (8192K)
 Metaspace       used 35672K, committed 36096K, reserved 1114112K
  class space    used 4033K, committed 4224K, reserved 1048576K
}
Event: 3.191 GC heap before
{Heap before GC invocations=7 (full 0):
 garbage-first heap   total reserved 8323072K, committed 86016K, used 58620K [0x0000000604000000, 0x0000000800000000)
  region size 4096K, 11 young (45056K), 2 survivors (8192K)
 Metaspace       used 43977K, committed 44416K, reserved 1114112K
  class space    used 4942K, committed 5120K, reserved 1048576K
}
Event: 3.195 GC heap after
{Heap after GC invocations=8 (full 0):
 garbage-first heap   total reserved 8323072K, committed 86016K, used 23827K [0x0000000604000000, 0x0000000800000000)
  region size 4096K, 2 young (8192K), 2 survivors (8192K)
 Metaspace       used 43977K, committed 44416K, reserved 1114112K
  class space    used 4942K, committed 5120K, reserved 1048576K
}
Event: 3.723 GC heap before
{Heap before GC invocations=8 (full 0):
 garbage-first heap   total reserved 8323072K, committed 86016K, used 56595K [0x0000000604000000, 0x0000000800000000)
  region size 4096K, 11 young (45056K), 2 survivors (8192K)
 Metaspace       used 54275K, committed 54720K, reserved 1114112K
  class space    used 5988K, committed 6144K, reserved 1048576K
}
Event: 3.728 GC heap after
{Heap after GC invocations=9 (full 0):
 garbage-first heap   total reserved 8323072K, committed 86016K, used 26600K [0x0000000604000000, 0x0000000800000000)
  region size 4096K, 2 young (8192K), 2 survivors (8192K)
 Metaspace       used 54275K, committed 54720K, reserved 1114112K
  class space    used 5988K, committed 6144K, reserved 1048576K
}
Event: 4.134 GC heap before
{Heap before GC invocations=9 (full 0):
 garbage-first heap   total reserved 8323072K, committed 86016K, used 47080K [0x0000000604000000, 0x0000000800000000)
  region size 4096K, 8 young (32768K), 2 survivors (8192K)
 Metaspace       used 59961K, committed 60480K, reserved 1114112K
  class space    used 6689K, committed 6912K, reserved 1048576K
}
Event: 4.138 GC heap after
{Heap after GC invocations=10 (full 0):
 garbage-first heap   total reserved 8323072K, committed 86016K, used 27545K [0x0000000604000000, 0x0000000800000000)
  region size 4096K, 1 young (4096K), 1 survivors (4096K)
 Metaspace       used 59961K, committed 60480K, reserved 1114112K
  class space    used 6689K, committed 6912K, reserved 1048576K
}
Event: 4.834 GC heap before
{Heap before GC invocations=11 (full 0):
 garbage-first heap   total reserved 8323072K, committed 86016K, used 68505K [0x0000000604000000, 0x0000000800000000)
  region size 4096K, 11 young (45056K), 1 survivors (4096K)
 Metaspace       used 68053K, committed 68672K, reserved 1114112K
  class space    used 7570K, committed 7808K, reserved 1048576K
}
Event: 4.838 GC heap after
{Heap after GC invocations=12 (full 0):
 garbage-first heap   total reserved 8323072K, committed 86016K, used 30917K [0x0000000604000000, 0x0000000800000000)
  region size 4096K, 2 young (8192K), 2 survivors (8192K)
 Metaspace       used 68053K, committed 68672K, reserved 1114112K
  class space    used 7570K, committed 7808K, reserved 1048576K
}
Event: 7.793 GC heap before
{Heap before GC invocations=12 (full 0):
 garbage-first heap   total reserved 8323072K, committed 86016K, used 67781K [0x0000000604000000, 0x0000000800000000)
  region size 4096K, 11 young (45056K), 2 survivors (8192K)
 Metaspace       used 71891K, committed 72576K, reserved 1114112K
  class space    used 8069K, committed 8384K, reserved 1048576K
}
Event: 7.800 GC heap after
{Heap after GC invocations=13 (full 0):
 garbage-first heap   total reserved 8323072K, committed 86016K, used 33750K [0x0000000604000000, 0x0000000800000000)
  region size 4096K, 2 young (8192K), 2 survivors (8192K)
 Metaspace       used 71891K, committed 72576K, reserved 1114112K
  class space    used 8069K, committed 8384K, reserved 1048576K
}

